<?xml version="1.0" encoding="UTF-8"?>
<testng-results ignored="0" total="2" passed="2" failed="0" skipped="0">
  <reporter-output>
  </reporter-output>
  <suite started-at="2023-09-04T11:41:16 IST" name="Default suite" finished-at="2023-09-04T11:41:21 IST" duration-ms="4726">
    <groups>
    </groups>
    <test started-at="2023-09-04T11:41:16 IST" name="Default test" finished-at="2023-09-04T11:41:21 IST" duration-ms="4726">
      <class name="raExcelDriven.BasicsRA">
        <test-method signature="AddBook()[pri:0, instance:raExcelDriven.BasicsRA@67c33749]" started-at="2023-09-04T11:41:16 IST" name="AddBook" finished-at="2023-09-04T11:41:20 IST" duration-ms="4372" status="PASS">
          <reporter-output>
          </reporter-output>
        </test-method> <!-- AddBook -->
      </class> <!-- raExcelDriven.BasicsRA -->
      <class name="raExcelDriven.RAPractice">
        <test-method signature="AddBook()[pri:0, instance:raExcelDriven.RAPractice@20ccf40b]" started-at="2023-09-04T11:41:20 IST" name="AddBook" finished-at="2023-09-04T11:41:21 IST" duration-ms="278" status="PASS">
          <reporter-output>
          </reporter-output>
        </test-method> <!-- AddBook -->
      </class> <!-- raExcelDriven.RAPractice -->
    </test> <!-- Default test -->
  </suite> <!-- Default suite -->
</testng-results>
